[
  {
    "level": "INFO",
    "message": "android.ndkVersion from module build.gradle is not set"
  },
  {
    "level": "INFO",
    "message": "ndk.dir in local.properties is C:\\Users\\Public\\AppData\\SDK\\android-ndk-r17c"
  },
  {
    "level": "INFO",
    "message": "ANDROID_NDK_HOME environment variable is not set"
  },
  {
    "level": "INFO",
    "message": "sdkFolder is C:\\Users\\Public\\AppData\\SDK"
  },
  {
    "level": "INFO",
    "message": "NDK side-by-side folder from sdkFolder C:\\Users\\Public\\AppData\\SDK\\ndk does not exist"
  },
  {
    "level": "INFO",
    "message": "Considering C:\\Users\\Public\\AppData\\SDK\\android-ndk-r17c by ndk.dir"
  },
  {
    "level": "INFO",
    "message": "Considering C:\\Users\\Public\\AppData\\SDK\\ndk-bundle in SDK ndk-bundle folder"
  },
  {
    "level": "INFO",
    "message": "Found requested ndk.dir (C:\\Users\\Public\\AppData\\SDK\\android-ndk-r17c) which has version 17.2.4988734"
  }
]